{"C:\\Users\\ivvko\\Documents\\Projects\\sea_patrol\\sea_patrol_frontend\\src\\assets\\sail_ship.glb": {"path":"C:\\Users\\ivvko\\Documents\\Projects\\sea_patrol\\sea_patrol_frontend\\src\\assets\\sail_ship.glb","statementMap":{},"fnMap":{},"branchMap":{},"s":{},"f":{},"b":{},"meta":{"lastBranch":0,"lastFunction":0,"lastStatement":0,"seen":{}}}
,"C:\\Users\\ivvko\\Documents\\Projects\\sea_patrol\\sea_patrol_frontend\\src\\components\\Login.jsx": {"path":"C:\\Users\\ivvko\\Documents\\Projects\\sea_patrol\\sea_patrol_frontend\\src\\components\\Login.jsx","statementMap":{"0":{"start":{"line":6,"column":30},"end":{"line":9,"column":null}},"1":{"start":{"line":10,"column":24},"end":{"line":10,"column":null}},"2":{"start":{"line":11,"column":28},"end":{"line":11,"column":null}},"3":{"start":{"line":13,"column":16},"end":{"line":13,"column":null}},"4":{"start":{"line":15,"column":23},"end":{"line":20,"column":null}},"5":{"start":{"line":16,"column":4},"end":{"line":19,"column":null}},"6":{"start":{"line":22,"column":23},"end":{"line":36,"column":null}},"7":{"start":{"line":23,"column":4},"end":{"line":23,"column":null}},"8":{"start":{"line":24,"column":4},"end":{"line":24,"column":null}},"9":{"start":{"line":25,"column":4},"end":{"line":25,"column":null}},"10":{"start":{"line":27,"column":19},"end":{"line":27,"column":null}},"11":{"start":{"line":29,"column":4},"end":{"line":33,"column":null}},"12":{"start":{"line":30,"column":6},"end":{"line":30,"column":null}},"13":{"start":{"line":32,"column":6},"end":{"line":32,"column":null}},"14":{"start":{"line":35,"column":4},"end":{"line":35,"column":null}},"15":{"start":{"line":38,"column":2},"end":{"line":79,"column":null}}},"fnMap":{"0":{"name":"Login","decl":{"start":{"line":5,"column":9},"end":{"line":5,"column":15}},"loc":{"start":{"line":5,"column":53},"end":{"line":81,"column":null}},"line":5},"1":{"name":"(anonymous_1)","decl":{"start":{"line":15,"column":23},"end":{"line":15,"column":24}},"loc":{"start":{"line":15,"column":30},"end":{"line":20,"column":null}},"line":15},"2":{"name":"(anonymous_2)","decl":{"start":{"line":22,"column":23},"end":{"line":22,"column":30}},"loc":{"start":{"line":22,"column":36},"end":{"line":36,"column":null}},"line":22}},"branchMap":{"0":{"loc":{"start":{"line":29,"column":4},"end":{"line":33,"column":null}},"type":"if","locations":[{"start":{"line":29,"column":4},"end":{"line":33,"column":null}},{"start":{"line":31,"column":11},"end":{"line":33,"column":null}}],"line":29},"1":{"loc":{"start":{"line":66,"column":9},"end":{"line":66,"column":null}},"type":"binary-expr","locations":[{"start":{"line":66,"column":9},"end":{"line":66,"column":18}},{"start":{"line":66,"column":18},"end":{"line":66,"column":null}}],"line":66},"2":{"loc":{"start":{"line":69,"column":11},"end":{"line":69,"column":null}},"type":"cond-expr","locations":[{"start":{"line":69,"column":21},"end":{"line":69,"column":39}},{"start":{"line":69,"column":39},"end":{"line":69,"column":null}}],"line":69}},"s":{"0":275,"1":275,"2":275,"3":275,"4":275,"5":210,"6":275,"7":9,"8":9,"9":9,"10":9,"11":9,"12":5,"13":4,"14":9,"15":275},"f":{"0":275,"1":210,"2":9},"b":{"0":[5,4],"1":[275,16],"2":[9,266]},"meta":{"lastBranch":3,"lastFunction":3,"lastStatement":16,"seen":{"f:5:9:5:15":0,"s:6:30:9:Infinity":0,"s:10:24:10:Infinity":1,"s:11:28:11:Infinity":2,"s:13:16:13:Infinity":3,"s:15:23:20:Infinity":4,"f:15:23:15:24":1,"s:16:4:19:Infinity":5,"s:22:23:36:Infinity":6,"f:22:23:22:30":2,"s:23:4:23:Infinity":7,"s:24:4:24:Infinity":8,"s:25:4:25:Infinity":9,"s:27:19:27:Infinity":10,"b:29:4:33:Infinity:31:11:33:Infinity":0,"s:29:4:33:Infinity":11,"s:30:6:30:Infinity":12,"s:32:6:32:Infinity":13,"s:35:4:35:Infinity":14,"s:38:2:79:Infinity":15,"b:66:9:66:18:66:18:66:Infinity":1,"b:69:21:69:39:69:39:69:Infinity":2}}}
,"C:\\Users\\ivvko\\Documents\\Projects\\sea_patrol\\sea_patrol_frontend\\src\\components\\PlayerSailShip.jsx": {"path":"C:\\Users\\ivvko\\Documents\\Projects\\sea_patrol\\sea_patrol_frontend\\src\\components\\PlayerSailShip.jsx","statementMap":{"0":{"start":{"line":6,"column":21},"end":{"line":13,"column":null}},"1":{"start":{"line":7,"column":2},"end":{"line":11,"column":null}},"2":{"start":{"line":16,"column":29},"end":{"line":16,"column":null}},"3":{"start":{"line":17,"column":23},"end":{"line":17,"column":null}},"4":{"start":{"line":18,"column":8},"end":{"line":18,"column":null}},"5":{"start":{"line":19,"column":16},"end":{"line":19,"column":null}},"6":{"start":{"line":21,"column":2},"end":{"line":31,"column":null}}},"fnMap":{"0":{"name":"(anonymous_0)","decl":{"start":{"line":6,"column":21},"end":{"line":6,"column":22}},"loc":{"start":{"line":6,"column":51},"end":{"line":13,"column":null}},"line":6},"1":{"name":"PlayerSailShip","decl":{"start":{"line":15,"column":24},"end":{"line":15,"column":39}},"loc":{"start":{"line":15,"column":75},"end":{"line":33,"column":null}},"line":15}},"branchMap":{"0":{"loc":{"start":{"line":17,"column":23},"end":{"line":17,"column":null}},"type":"cond-expr","locations":[{"start":{"line":17,"column":41},"end":{"line":17,"column":51}},{"start":{"line":17,"column":41},"end":{"line":17,"column":null}}],"line":17},"1":{"loc":{"start":{"line":23,"column":7},"end":{"line":28,"column":null}},"type":"binary-expr","locations":[{"start":{"line":23,"column":7},"end":{"line":23,"column":null}},{"start":{"line":24,"column":8},"end":{"line":28,"column":null}}],"line":23}},"s":{"0":1,"1":0,"2":0,"3":0,"4":0,"5":0,"6":0},"f":{"0":0,"1":0},"b":{"0":[0,0],"1":[0,0]},"meta":{"lastBranch":2,"lastFunction":2,"lastStatement":7,"seen":{"s:6:21:13:Infinity":0,"f:6:21:6:22":0,"s:7:2:11:Infinity":1,"f:15:24:15:39":1,"s:16:29:16:Infinity":2,"s:17:23:17:Infinity":3,"b:17:41:17:51:17:41:17:Infinity":0,"s:18:8:18:Infinity":4,"s:19:16:19:Infinity":5,"s:21:2:31:Infinity":6,"b:23:7:23:Infinity:24:8:28:Infinity":1}}}
,"C:\\Users\\ivvko\\Documents\\Projects\\sea_patrol\\sea_patrol_frontend\\src\\components\\ShipModel.jsx": {"path":"C:\\Users\\ivvko\\Documents\\Projects\\sea_patrol\\sea_patrol_frontend\\src\\components\\ShipModel.jsx","statementMap":{"0":{"start":{"line":14,"column":27},"end":{"line":14,"column":null}},"1":{"start":{"line":16,"column":2},"end":{"line":161,"column":null}}},"fnMap":{"0":{"name":"ShipModel","decl":{"start":{"line":13,"column":16},"end":{"line":13,"column":26}},"loc":{"start":{"line":13,"column":46},"end":{"line":163,"column":null}},"line":13}},"branchMap":{"0":{"loc":{"start":{"line":13,"column":28},"end":{"line":13,"column":43}},"type":"default-arg","locations":[{"start":{"line":13,"column":38},"end":{"line":13,"column":43}}],"line":13},"1":{"loc":{"start":{"line":17,"column":44},"end":{"line":17,"column":null}},"type":"cond-expr","locations":[{"start":{"line":17,"column":54},"end":{"line":17,"column":61}},{"start":{"line":17,"column":61},"end":{"line":17,"column":null}}],"line":17}},"s":{"0":0,"1":0},"f":{"0":0},"b":{"0":[0],"1":[0,0]},"meta":{"lastBranch":2,"lastFunction":1,"lastStatement":2,"seen":{"f:13:16:13:26":0,"b:13:38:13:43":0,"s:14:27:14:Infinity":0,"s:16:2:161:Infinity":1,"b:17:54:17:61:17:61:17:Infinity":1}}}
,"C:\\Users\\ivvko\\Documents\\Projects\\sea_patrol\\sea_patrol_frontend\\src\\components\\Signup.jsx": {"path":"C:\\Users\\ivvko\\Documents\\Projects\\sea_patrol\\sea_patrol_frontend\\src\\components\\Signup.jsx","statementMap":{"0":{"start":{"line":6,"column":30},"end":{"line":11,"column":null}},"1":{"start":{"line":12,"column":24},"end":{"line":12,"column":null}},"2":{"start":{"line":13,"column":28},"end":{"line":13,"column":null}},"3":{"start":{"line":15,"column":17},"end":{"line":15,"column":null}},"4":{"start":{"line":17,"column":23},"end":{"line":22,"column":null}},"5":{"start":{"line":18,"column":4},"end":{"line":21,"column":null}},"6":{"start":{"line":24,"column":23},"end":{"line":49,"column":null}},"7":{"start":{"line":25,"column":4},"end":{"line":25,"column":null}},"8":{"start":{"line":26,"column":4},"end":{"line":26,"column":null}},"9":{"start":{"line":28,"column":4},"end":{"line":31,"column":null}},"10":{"start":{"line":29,"column":6},"end":{"line":29,"column":null}},"11":{"start":{"line":30,"column":6},"end":{"line":30,"column":null}},"12":{"start":{"line":33,"column":4},"end":{"line":36,"column":null}},"13":{"start":{"line":34,"column":6},"end":{"line":34,"column":null}},"14":{"start":{"line":35,"column":6},"end":{"line":35,"column":null}},"15":{"start":{"line":38,"column":4},"end":{"line":38,"column":null}},"16":{"start":{"line":40,"column":19},"end":{"line":40,"column":null}},"17":{"start":{"line":42,"column":4},"end":{"line":46,"column":null}},"18":{"start":{"line":43,"column":6},"end":{"line":43,"column":null}},"19":{"start":{"line":45,"column":6},"end":{"line":45,"column":null}},"20":{"start":{"line":48,"column":4},"end":{"line":48,"column":null}},"21":{"start":{"line":51,"column":2},"end":{"line":116,"column":null}}},"fnMap":{"0":{"name":"Signup","decl":{"start":{"line":5,"column":9},"end":{"line":5,"column":16}},"loc":{"start":{"line":5,"column":54},"end":{"line":118,"column":null}},"line":5},"1":{"name":"(anonymous_1)","decl":{"start":{"line":17,"column":23},"end":{"line":17,"column":24}},"loc":{"start":{"line":17,"column":30},"end":{"line":22,"column":null}},"line":17},"2":{"name":"(anonymous_2)","decl":{"start":{"line":24,"column":23},"end":{"line":24,"column":30}},"loc":{"start":{"line":24,"column":36},"end":{"line":49,"column":null}},"line":24}},"branchMap":{"0":{"loc":{"start":{"line":28,"column":4},"end":{"line":31,"column":null}},"type":"if","locations":[{"start":{"line":28,"column":4},"end":{"line":31,"column":null}},{"start":{},"end":{}}],"line":28},"1":{"loc":{"start":{"line":33,"column":4},"end":{"line":36,"column":null}},"type":"if","locations":[{"start":{"line":33,"column":4},"end":{"line":36,"column":null}},{"start":{},"end":{}}],"line":33},"2":{"loc":{"start":{"line":42,"column":4},"end":{"line":46,"column":null}},"type":"if","locations":[{"start":{"line":42,"column":4},"end":{"line":46,"column":null}},{"start":{"line":44,"column":11},"end":{"line":46,"column":null}}],"line":42},"3":{"loc":{"start":{"line":103,"column":9},"end":{"line":103,"column":null}},"type":"binary-expr","locations":[{"start":{"line":103,"column":9},"end":{"line":103,"column":18}},{"start":{"line":103,"column":18},"end":{"line":103,"column":null}}],"line":103},"4":{"loc":{"start":{"line":106,"column":11},"end":{"line":106,"column":null}},"type":"cond-expr","locations":[{"start":{"line":106,"column":21},"end":{"line":106,"column":45}},{"start":{"line":106,"column":45},"end":{"line":106,"column":null}}],"line":106}},"s":{"0":554,"1":554,"2":554,"3":554,"4":554,"5":502,"6":554,"7":10,"8":10,"9":10,"10":3,"11":3,"12":7,"13":1,"14":1,"15":6,"16":6,"17":6,"18":4,"19":2,"20":6,"21":554},"f":{"0":554,"1":502,"2":10},"b":{"0":[3,7],"1":[1,6],"2":[4,2],"3":[554,18],"4":[6,548]},"meta":{"lastBranch":5,"lastFunction":3,"lastStatement":22,"seen":{"f:5:9:5:16":0,"s:6:30:11:Infinity":0,"s:12:24:12:Infinity":1,"s:13:28:13:Infinity":2,"s:15:17:15:Infinity":3,"s:17:23:22:Infinity":4,"f:17:23:17:24":1,"s:18:4:21:Infinity":5,"s:24:23:49:Infinity":6,"f:24:23:24:30":2,"s:25:4:25:Infinity":7,"s:26:4:26:Infinity":8,"b:28:4:31:Infinity:undefined:undefined:undefined:undefined":0,"s:28:4:31:Infinity":9,"s:29:6:29:Infinity":10,"s:30:6:30:Infinity":11,"b:33:4:36:Infinity:undefined:undefined:undefined:undefined":1,"s:33:4:36:Infinity":12,"s:34:6:34:Infinity":13,"s:35:6:35:Infinity":14,"s:38:4:38:Infinity":15,"s:40:19:40:Infinity":16,"b:42:4:46:Infinity:44:11:46:Infinity":2,"s:42:4:46:Infinity":17,"s:43:6:43:Infinity":18,"s:45:6:45:Infinity":19,"s:48:4:48:Infinity":20,"s:51:2:116:Infinity":21,"b:103:9:103:18:103:18:103:Infinity":3,"b:106:21:106:45:106:45:106:Infinity":4}}}
,"C:\\Users\\ivvko\\Documents\\Projects\\sea_patrol\\sea_patrol_frontend\\src\\contexts\\AuthContext.jsx": {"path":"C:\\Users\\ivvko\\Documents\\Projects\\sea_patrol\\sea_patrol_frontend\\src\\contexts\\AuthContext.jsx","statementMap":{"0":{"start":{"line":3,"column":6},"end":{"line":3,"column":null}},"1":{"start":{"line":5,"column":23},"end":{"line":11,"column":null}},"2":{"start":{"line":6,"column":8},"end":{"line":6,"column":null}},"3":{"start":{"line":7,"column":2},"end":{"line":9,"column":null}},"4":{"start":{"line":8,"column":4},"end":{"line":8,"column":null}},"5":{"start":{"line":10,"column":2},"end":{"line":10,"column":null}},"6":{"start":{"line":13,"column":28},"end":{"line":97,"column":null}},"7":{"start":{"line":14,"column":22},"end":{"line":14,"column":null}},"8":{"start":{"line":15,"column":24},"end":{"line":15,"column":null}},"9":{"start":{"line":16,"column":28},"end":{"line":16,"column":null}},"10":{"start":{"line":18,"column":23},"end":{"line":18,"column":null}},"11":{"start":{"line":20,"column":2},"end":{"line":22,"column":null}},"12":{"start":{"line":21,"column":4},"end":{"line":21,"column":null}},"13":{"start":{"line":24,"column":16},"end":{"line":51,"column":null}},"14":{"start":{"line":25,"column":4},"end":{"line":50,"column":null}},"15":{"start":{"line":26,"column":23},"end":{"line":32,"column":null}},"16":{"start":{"line":34,"column":6},"end":{"line":46,"column":null}},"17":{"start":{"line":35,"column":25},"end":{"line":35,"column":null}},"18":{"start":{"line":36,"column":8},"end":{"line":36,"column":null}},"19":{"start":{"line":37,"column":8},"end":{"line":40,"column":null}},"20":{"start":{"line":41,"column":8},"end":{"line":41,"column":null}},"21":{"start":{"line":42,"column":8},"end":{"line":42,"column":null}},"22":{"start":{"line":44,"column":26},"end":{"line":44,"column":null}},"23":{"start":{"line":45,"column":8},"end":{"line":45,"column":null}},"24":{"start":{"line":48,"column":6},"end":{"line":48,"column":null}},"25":{"start":{"line":49,"column":6},"end":{"line":49,"column":null}},"26":{"start":{"line":53,"column":17},"end":{"line":74,"column":null}},"27":{"start":{"line":54,"column":4},"end":{"line":73,"column":null}},"28":{"start":{"line":55,"column":23},"end":{"line":61,"column":null}},"29":{"start":{"line":63,"column":6},"end":{"line":69,"column":null}},"30":{"start":{"line":64,"column":25},"end":{"line":64,"column":null}},"31":{"start":{"line":65,"column":8},"end":{"line":65,"column":null}},"32":{"start":{"line":67,"column":26},"end":{"line":67,"column":null}},"33":{"start":{"line":68,"column":8},"end":{"line":68,"column":null}},"34":{"start":{"line":71,"column":6},"end":{"line":71,"column":null}},"35":{"start":{"line":72,"column":6},"end":{"line":72,"column":null}},"36":{"start":{"line":76,"column":17},"end":{"line":80,"column":null}},"37":{"start":{"line":77,"column":4},"end":{"line":77,"column":null}},"38":{"start":{"line":78,"column":4},"end":{"line":78,"column":null}},"39":{"start":{"line":79,"column":4},"end":{"line":79,"column":null}},"40":{"start":{"line":82,"column":16},"end":{"line":90,"column":null}},"41":{"start":{"line":92,"column":2},"end":{"line":95,"column":null}}},"fnMap":{"0":{"name":"(anonymous_0)","decl":{"start":{"line":5,"column":23},"end":{"line":5,"column":29}},"loc":{"start":{"line":5,"column":29},"end":{"line":11,"column":null}},"line":5},"1":{"name":"(anonymous_1)","decl":{"start":{"line":13,"column":28},"end":{"line":13,"column":29}},"loc":{"start":{"line":13,"column":46},"end":{"line":97,"column":null}},"line":13},"2":{"name":"(anonymous_2)","decl":{"start":{"line":20,"column":12},"end":{"line":20,"column":18}},"loc":{"start":{"line":20,"column":18},"end":{"line":22,"column":5}},"line":20},"3":{"name":"(anonymous_3)","decl":{"start":{"line":24,"column":16},"end":{"line":24,"column":23}},"loc":{"start":{"line":24,"column":46},"end":{"line":51,"column":null}},"line":24},"4":{"name":"(anonymous_4)","decl":{"start":{"line":53,"column":17},"end":{"line":53,"column":24}},"loc":{"start":{"line":53,"column":54},"end":{"line":74,"column":null}},"line":53},"5":{"name":"(anonymous_5)","decl":{"start":{"line":76,"column":17},"end":{"line":76,"column":23}},"loc":{"start":{"line":76,"column":23},"end":{"line":80,"column":null}},"line":76}},"branchMap":{"0":{"loc":{"start":{"line":7,"column":2},"end":{"line":9,"column":null}},"type":"if","locations":[{"start":{"line":7,"column":2},"end":{"line":9,"column":null}},{"start":{},"end":{}}],"line":7},"1":{"loc":{"start":{"line":34,"column":6},"end":{"line":46,"column":null}},"type":"if","locations":[{"start":{"line":34,"column":6},"end":{"line":46,"column":null}},{"start":{"line":43,"column":13},"end":{"line":46,"column":null}}],"line":34},"2":{"loc":{"start":{"line":45,"column":40},"end":{"line":45,"column":76}},"type":"binary-expr","locations":[{"start":{"line":45,"column":40},"end":{"line":45,"column":61}},{"start":{"line":45,"column":61},"end":{"line":45,"column":76}}],"line":45},"3":{"loc":{"start":{"line":63,"column":6},"end":{"line":69,"column":null}},"type":"if","locations":[{"start":{"line":63,"column":6},"end":{"line":69,"column":null}},{"start":{"line":66,"column":13},"end":{"line":69,"column":null}}],"line":63},"4":{"loc":{"start":{"line":68,"column":40},"end":{"line":68,"column":77}},"type":"binary-expr","locations":[{"start":{"line":68,"column":40},"end":{"line":68,"column":61}},{"start":{"line":68,"column":61},"end":{"line":68,"column":77}}],"line":68},"5":{"loc":{"start":{"line":89,"column":21},"end":{"line":89,"column":null}},"type":"binary-expr","locations":[{"start":{"line":89,"column":21},"end":{"line":89,"column":32}},{"start":{"line":89,"column":32},"end":{"line":89,"column":null}}],"line":89}},"s":{"0":5,"1":5,"2":877,"3":877,"4":0,"5":877,"6":5,"7":110,"8":110,"9":110,"10":110,"11":110,"12":56,"13":110,"14":12,"15":12,"16":12,"17":8,"18":8,"19":8,"20":8,"21":8,"22":4,"23":4,"24":0,"25":0,"26":110,"27":7,"28":7,"29":7,"30":5,"31":5,"32":2,"33":2,"34":0,"35":0,"36":110,"37":2,"38":2,"39":2,"40":110,"41":110},"f":{"0":877,"1":110,"2":56,"3":12,"4":7,"5":2},"b":{"0":[0,877],"1":[8,4],"2":[4,0],"3":[5,2],"4":[2,0],"5":[110,20]},"meta":{"lastBranch":6,"lastFunction":6,"lastStatement":42,"seen":{"s:3:6:3:Infinity":0,"s:5:23:11:Infinity":1,"f:5:23:5:29":0,"s:6:8:6:Infinity":2,"b:7:2:9:Infinity:undefined:undefined:undefined:undefined":0,"s:7:2:9:Infinity":3,"s:8:4:8:Infinity":4,"s:10:2:10:Infinity":5,"s:13:28:97:Infinity":6,"f:13:28:13:29":1,"s:14:22:14:Infinity":7,"s:15:24:15:Infinity":8,"s:16:28:16:Infinity":9,"s:18:23:18:Infinity":10,"s:20:2:22:Infinity":11,"f:20:12:20:18":2,"s:21:4:21:Infinity":12,"s:24:16:51:Infinity":13,"f:24:16:24:23":3,"s:25:4:50:Infinity":14,"s:26:23:32:Infinity":15,"b:34:6:46:Infinity:43:13:46:Infinity":1,"s:34:6:46:Infinity":16,"s:35:25:35:Infinity":17,"s:36:8:36:Infinity":18,"s:37:8:40:Infinity":19,"s:41:8:41:Infinity":20,"s:42:8:42:Infinity":21,"s:44:26:44:Infinity":22,"s:45:8:45:Infinity":23,"b:45:40:45:61:45:61:45:76":2,"s:48:6:48:Infinity":24,"s:49:6:49:Infinity":25,"s:53:17:74:Infinity":26,"f:53:17:53:24":4,"s:54:4:73:Infinity":27,"s:55:23:61:Infinity":28,"b:63:6:69:Infinity:66:13:69:Infinity":3,"s:63:6:69:Infinity":29,"s:64:25:64:Infinity":30,"s:65:8:65:Infinity":31,"s:67:26:67:Infinity":32,"s:68:8:68:Infinity":33,"b:68:40:68:61:68:61:68:77":4,"s:71:6:71:Infinity":34,"s:72:6:72:Infinity":35,"s:76:17:80:Infinity":36,"f:76:17:76:23":5,"s:77:4:77:Infinity":37,"s:78:4:78:Infinity":38,"s:79:4:79:Infinity":39,"s:82:16:90:Infinity":40,"b:89:21:89:32:89:32:89:Infinity":5,"s:92:2:95:Infinity":41}}}
,"C:\\Users\\ivvko\\Documents\\Projects\\sea_patrol\\sea_patrol_frontend\\src\\contexts\\GameStateContext.jsx": {"path":"C:\\Users\\ivvko\\Documents\\Projects\\sea_patrol\\sea_patrol_frontend\\src\\contexts\\GameStateContext.jsx","statementMap":{"0":{"start":{"line":5,"column":6},"end":{"line":5,"column":null}},"1":{"start":{"line":10,"column":8},"end":{"line":12,"column":null}},"2":{"start":{"line":14,"column":2},"end":{"line":17,"column":null}},"3":{"start":{"line":23,"column":8},"end":{"line":23,"column":null}},"4":{"start":{"line":24,"column":2},"end":{"line":26,"column":null}},"5":{"start":{"line":25,"column":4},"end":{"line":25,"column":null}},"6":{"start":{"line":27,"column":2},"end":{"line":27,"column":null}}},"fnMap":{"0":{"name":"GameStateProvider","decl":{"start":{"line":8,"column":16},"end":{"line":8,"column":34}},"loc":{"start":{"line":8,"column":48},"end":{"line":19,"column":null}},"line":8},"1":{"name":"useGameState","decl":{"start":{"line":22,"column":16},"end":{"line":22,"column":31}},"loc":{"start":{"line":22,"column":31},"end":{"line":28,"column":null}},"line":22}},"branchMap":{"0":{"loc":{"start":{"line":24,"column":2},"end":{"line":26,"column":null}},"type":"if","locations":[{"start":{"line":24,"column":2},"end":{"line":26,"column":null}},{"start":{},"end":{}}],"line":24}},"s":{"0":2,"1":2,"2":2,"3":2,"4":2,"5":0,"6":2},"f":{"0":2,"1":2},"b":{"0":[0,2]},"meta":{"lastBranch":1,"lastFunction":2,"lastStatement":7,"seen":{"s:5:6:5:Infinity":0,"f:8:16:8:34":0,"s:10:8:12:Infinity":1,"s:14:2:17:Infinity":2,"f:22:16:22:31":1,"s:23:8:23:Infinity":3,"b:24:2:26:Infinity:undefined:undefined:undefined:undefined":0,"s:24:2:26:Infinity":4,"s:25:4:25:Infinity":5,"s:27:2:27:Infinity":6}}}
,"C:\\Users\\ivvko\\Documents\\Projects\\sea_patrol\\sea_patrol_frontend\\src\\contexts\\WebSocketContext.jsx": {"path":"C:\\Users\\ivvko\\Documents\\Projects\\sea_patrol\\sea_patrol_frontend\\src\\contexts\\WebSocketContext.jsx","statementMap":{"0":{"start":{"line":4,"column":6},"end":{"line":4,"column":null}},"1":{"start":{"line":6,"column":28},"end":{"line":12,"column":null}},"2":{"start":{"line":7,"column":8},"end":{"line":7,"column":null}},"3":{"start":{"line":8,"column":2},"end":{"line":10,"column":null}},"4":{"start":{"line":9,"column":4},"end":{"line":9,"column":null}},"5":{"start":{"line":11,"column":2},"end":{"line":11,"column":null}},"6":{"start":{"line":14,"column":33},"end":{"line":115,"column":null}},"7":{"start":{"line":15,"column":36},"end":{"line":15,"column":null}},"8":{"start":{"line":16,"column":22},"end":{"line":16,"column":null}},"9":{"start":{"line":17,"column":8},"end":{"line":17,"column":null}},"10":{"start":{"line":18,"column":17},"end":{"line":18,"column":null}},"11":{"start":{"line":21,"column":8},"end":{"line":21,"column":null}},"12":{"start":{"line":23,"column":2},"end":{"line":33,"column":null}},"13":{"start":{"line":24,"column":4},"end":{"line":26,"column":null}},"14":{"start":{"line":25,"column":6},"end":{"line":25,"column":null}},"15":{"start":{"line":28,"column":4},"end":{"line":32,"column":null}},"16":{"start":{"line":29,"column":6},"end":{"line":31,"column":null}},"17":{"start":{"line":30,"column":8},"end":{"line":30,"column":null}},"18":{"start":{"line":35,"column":27},"end":{"line":77,"column":null}},"19":{"start":{"line":36,"column":4},"end":{"line":36,"column":null}},"20":{"start":{"line":36,"column":70},"end":{"line":36,"column":null}},"21":{"start":{"line":38,"column":4},"end":{"line":40,"column":null}},"22":{"start":{"line":39,"column":6},"end":{"line":39,"column":null}},"23":{"start":{"line":42,"column":15},"end":{"line":42,"column":null}},"24":{"start":{"line":43,"column":4},"end":{"line":43,"column":null}},"25":{"start":{"line":45,"column":4},"end":{"line":47,"column":null}},"26":{"start":{"line":46,"column":6},"end":{"line":46,"column":null}},"27":{"start":{"line":49,"column":4},"end":{"line":52,"column":null}},"28":{"start":{"line":50,"column":6},"end":{"line":50,"column":null}},"29":{"start":{"line":51,"column":6},"end":{"line":51,"column":null}},"30":{"start":{"line":54,"column":4},"end":{"line":61,"column":null}},"31":{"start":{"line":55,"column":6},"end":{"line":55,"column":null}},"32":{"start":{"line":56,"column":6},"end":{"line":60,"column":null}},"33":{"start":{"line":57,"column":8},"end":{"line":59,"column":null}},"34":{"start":{"line":58,"column":10},"end":{"line":58,"column":null}},"35":{"start":{"line":63,"column":4},"end":{"line":76,"column":null}},"36":{"start":{"line":64,"column":6},"end":{"line":75,"column":null}},"37":{"start":{"line":65,"column":28},"end":{"line":65,"column":null}},"38":{"start":{"line":66,"column":21},"end":{"line":66,"column":null}},"39":{"start":{"line":67,"column":24},"end":{"line":67,"column":null}},"40":{"start":{"line":70,"column":8},"end":{"line":72,"column":null}},"41":{"start":{"line":71,"column":10},"end":{"line":71,"column":null}},"42":{"start":{"line":71,"column":58},"end":{"line":71,"column":75}},"43":{"start":{"line":74,"column":8},"end":{"line":74,"column":null}},"44":{"start":{"line":79,"column":22},"end":{"line":87,"column":null}},"45":{"start":{"line":80,"column":4},"end":{"line":86,"column":null}},"46":{"start":{"line":81,"column":6},"end":{"line":85,"column":null}},"47":{"start":{"line":82,"column":8},"end":{"line":82,"column":null}},"48":{"start":{"line":84,"column":8},"end":{"line":84,"column":null}},"49":{"start":{"line":90,"column":20},"end":{"line":102,"column":null}},"50":{"start":{"line":91,"column":4},"end":{"line":93,"column":null}},"51":{"start":{"line":92,"column":6},"end":{"line":92,"column":null}},"52":{"start":{"line":94,"column":4},"end":{"line":94,"column":null}},"53":{"start":{"line":97,"column":4},"end":{"line":101,"column":null}},"54":{"start":{"line":98,"column":6},"end":{"line":100,"column":null}},"55":{"start":{"line":99,"column":8},"end":{"line":99,"column":null}},"56":{"start":{"line":104,"column":16},"end":{"line":108,"column":null}},"57":{"start":{"line":110,"column":2},"end":{"line":113,"column":null}}},"fnMap":{"0":{"name":"(anonymous_0)","decl":{"start":{"line":6,"column":28},"end":{"line":6,"column":34}},"loc":{"start":{"line":6,"column":34},"end":{"line":12,"column":null}},"line":6},"1":{"name":"(anonymous_1)","decl":{"start":{"line":14,"column":33},"end":{"line":14,"column":34}},"loc":{"start":{"line":14,"column":51},"end":{"line":115,"column":null}},"line":14},"2":{"name":"(anonymous_2)","decl":{"start":{"line":23,"column":12},"end":{"line":23,"column":18}},"loc":{"start":{"line":23,"column":18},"end":{"line":33,"column":5}},"line":23},"3":{"name":"(anonymous_3)","decl":{"start":{"line":28,"column":11},"end":{"line":28,"column":17}},"loc":{"start":{"line":28,"column":17},"end":{"line":32,"column":null}},"line":28},"4":{"name":"(anonymous_4)","decl":{"start":{"line":35,"column":27},"end":{"line":35,"column":33}},"loc":{"start":{"line":35,"column":33},"end":{"line":77,"column":null}},"line":35},"5":{"name":"(anonymous_5)","decl":{"start":{"line":45,"column":16},"end":{"line":45,"column":22}},"loc":{"start":{"line":45,"column":22},"end":{"line":47,"column":null}},"line":45},"6":{"name":"(anonymous_6)","decl":{"start":{"line":49,"column":17},"end":{"line":49,"column":18}},"loc":{"start":{"line":49,"column":28},"end":{"line":52,"column":null}},"line":49},"7":{"name":"(anonymous_7)","decl":{"start":{"line":54,"column":17},"end":{"line":54,"column":23}},"loc":{"start":{"line":54,"column":23},"end":{"line":61,"column":null}},"line":54},"8":{"name":"(anonymous_8)","decl":{"start":{"line":56,"column":17},"end":{"line":56,"column":23}},"loc":{"start":{"line":56,"column":23},"end":{"line":60,"column":9}},"line":56},"9":{"name":"(anonymous_9)","decl":{"start":{"line":63,"column":19},"end":{"line":63,"column":20}},"loc":{"start":{"line":63,"column":30},"end":{"line":76,"column":null}},"line":63},"10":{"name":"(anonymous_10)","decl":{"start":{"line":71,"column":44},"end":{"line":71,"column":45}},"loc":{"start":{"line":71,"column":58},"end":{"line":71,"column":75}},"line":71},"11":{"name":"(anonymous_11)","decl":{"start":{"line":79,"column":22},"end":{"line":79,"column":23}},"loc":{"start":{"line":79,"column":39},"end":{"line":87,"column":null}},"line":79},"12":{"name":"(anonymous_12)","decl":{"start":{"line":90,"column":20},"end":{"line":90,"column":21}},"loc":{"start":{"line":90,"column":40},"end":{"line":102,"column":null}},"line":90},"13":{"name":"(anonymous_13)","decl":{"start":{"line":97,"column":11},"end":{"line":97,"column":17}},"loc":{"start":{"line":97,"column":17},"end":{"line":101,"column":null}},"line":97}},"branchMap":{"0":{"loc":{"start":{"line":8,"column":2},"end":{"line":10,"column":null}},"type":"if","locations":[{"start":{"line":8,"column":2},"end":{"line":10,"column":null}},{"start":{},"end":{}}],"line":8},"1":{"loc":{"start":{"line":24,"column":4},"end":{"line":26,"column":null}},"type":"if","locations":[{"start":{"line":24,"column":4},"end":{"line":26,"column":null}},{"start":{},"end":{}}],"line":24},"2":{"loc":{"start":{"line":24,"column":8},"end":{"line":24,"column":23}},"type":"binary-expr","locations":[{"start":{"line":24,"column":8},"end":{"line":24,"column":17}},{"start":{"line":24,"column":17},"end":{"line":24,"column":23}}],"line":24},"3":{"loc":{"start":{"line":29,"column":6},"end":{"line":31,"column":null}},"type":"if","locations":[{"start":{"line":29,"column":6},"end":{"line":31,"column":null}},{"start":{},"end":{}}],"line":29},"4":{"loc":{"start":{"line":36,"column":4},"end":{"line":36,"column":null}},"type":"if","locations":[{"start":{"line":36,"column":4},"end":{"line":36,"column":null}},{"start":{},"end":{}}],"line":36},"5":{"loc":{"start":{"line":36,"column":8},"end":{"line":36,"column":70}},"type":"binary-expr","locations":[{"start":{"line":36,"column":8},"end":{"line":36,"column":25}},{"start":{"line":36,"column":25},"end":{"line":36,"column":70}}],"line":36},"6":{"loc":{"start":{"line":38,"column":4},"end":{"line":40,"column":null}},"type":"if","locations":[{"start":{"line":38,"column":4},"end":{"line":40,"column":null}},{"start":{},"end":{}}],"line":38},"7":{"loc":{"start":{"line":57,"column":8},"end":{"line":59,"column":null}},"type":"if","locations":[{"start":{"line":57,"column":8},"end":{"line":59,"column":null}},{"start":{},"end":{}}],"line":57},"8":{"loc":{"start":{"line":57,"column":12},"end":{"line":57,"column":27}},"type":"binary-expr","locations":[{"start":{"line":57,"column":12},"end":{"line":57,"column":21}},{"start":{"line":57,"column":21},"end":{"line":57,"column":27}}],"line":57},"9":{"loc":{"start":{"line":70,"column":8},"end":{"line":72,"column":null}},"type":"if","locations":[{"start":{"line":70,"column":8},"end":{"line":72,"column":null}},{"start":{},"end":{}}],"line":70},"10":{"loc":{"start":{"line":80,"column":4},"end":{"line":86,"column":null}},"type":"if","locations":[{"start":{"line":80,"column":4},"end":{"line":86,"column":null}},{"start":{},"end":{}}],"line":80},"11":{"loc":{"start":{"line":80,"column":8},"end":{"line":80,"column":70}},"type":"binary-expr","locations":[{"start":{"line":80,"column":8},"end":{"line":80,"column":25}},{"start":{"line":80,"column":25},"end":{"line":80,"column":70}}],"line":80},"12":{"loc":{"start":{"line":91,"column":4},"end":{"line":93,"column":null}},"type":"if","locations":[{"start":{"line":91,"column":4},"end":{"line":93,"column":null}},{"start":{},"end":{}}],"line":91},"13":{"loc":{"start":{"line":98,"column":6},"end":{"line":100,"column":null}},"type":"if","locations":[{"start":{"line":98,"column":6},"end":{"line":100,"column":null}},{"start":{},"end":{}}],"line":98}},"s":{"0":1,"1":1,"2":2,"3":2,"4":2,"5":0,"6":1,"7":0,"8":0,"9":0,"10":0,"11":0,"12":0,"13":0,"14":0,"15":0,"16":0,"17":0,"18":0,"19":0,"20":0,"21":0,"22":0,"23":0,"24":0,"25":0,"26":0,"27":0,"28":0,"29":0,"30":0,"31":0,"32":0,"33":0,"34":0,"35":0,"36":0,"37":0,"38":0,"39":0,"40":0,"41":0,"42":0,"43":0,"44":0,"45":0,"46":0,"47":0,"48":0,"49":0,"50":0,"51":0,"52":0,"53":0,"54":0,"55":0,"56":0,"57":0},"f":{"0":2,"1":0,"2":0,"3":0,"4":0,"5":0,"6":0,"7":0,"8":0,"9":0,"10":0,"11":0,"12":0,"13":0},"b":{"0":[2,0],"1":[0,0],"2":[0,0],"3":[0,0],"4":[0,0],"5":[0,0],"6":[0,0],"7":[0,0],"8":[0,0],"9":[0,0],"10":[0,0],"11":[0,0],"12":[0,0],"13":[0,0]},"meta":{"lastBranch":14,"lastFunction":14,"lastStatement":58,"seen":{"s:4:6:4:Infinity":0,"s:6:28:12:Infinity":1,"f:6:28:6:34":0,"s:7:8:7:Infinity":2,"b:8:2:10:Infinity:undefined:undefined:undefined:undefined":0,"s:8:2:10:Infinity":3,"s:9:4:9:Infinity":4,"s:11:2:11:Infinity":5,"s:14:33:115:Infinity":6,"f:14:33:14:34":1,"s:15:36:15:Infinity":7,"s:16:22:16:Infinity":8,"s:17:8:17:Infinity":9,"s:18:17:18:Infinity":10,"s:21:8:21:Infinity":11,"s:23:2:33:Infinity":12,"f:23:12:23:18":2,"b:24:4:26:Infinity:undefined:undefined:undefined:undefined":1,"s:24:4:26:Infinity":13,"b:24:8:24:17:24:17:24:23":2,"s:25:6:25:Infinity":14,"s:28:4:32:Infinity":15,"f:28:11:28:17":3,"b:29:6:31:Infinity:undefined:undefined:undefined:undefined":3,"s:29:6:31:Infinity":16,"s:30:8:30:Infinity":17,"s:35:27:77:Infinity":18,"f:35:27:35:33":4,"b:36:4:36:Infinity:undefined:undefined:undefined:undefined":4,"s:36:4:36:Infinity":19,"b:36:8:36:25:36:25:36:70":5,"s:36:70:36:Infinity":20,"b:38:4:40:Infinity:undefined:undefined:undefined:undefined":6,"s:38:4:40:Infinity":21,"s:39:6:39:Infinity":22,"s:42:15:42:Infinity":23,"s:43:4:43:Infinity":24,"s:45:4:47:Infinity":25,"f:45:16:45:22":5,"s:46:6:46:Infinity":26,"s:49:4:52:Infinity":27,"f:49:17:49:18":6,"s:50:6:50:Infinity":28,"s:51:6:51:Infinity":29,"s:54:4:61:Infinity":30,"f:54:17:54:23":7,"s:55:6:55:Infinity":31,"s:56:6:60:Infinity":32,"f:56:17:56:23":8,"b:57:8:59:Infinity:undefined:undefined:undefined:undefined":7,"s:57:8:59:Infinity":33,"b:57:12:57:21:57:21:57:27":8,"s:58:10:58:Infinity":34,"s:63:4:76:Infinity":35,"f:63:19:63:20":9,"s:64:6:75:Infinity":36,"s:65:28:65:Infinity":37,"s:66:21:66:Infinity":38,"s:67:24:67:Infinity":39,"b:70:8:72:Infinity:undefined:undefined:undefined:undefined":9,"s:70:8:72:Infinity":40,"s:71:10:71:Infinity":41,"f:71:44:71:45":10,"s:71:58:71:75":42,"s:74:8:74:Infinity":43,"s:79:22:87:Infinity":44,"f:79:22:79:23":11,"b:80:4:86:Infinity:undefined:undefined:undefined:undefined":10,"s:80:4:86:Infinity":45,"b:80:8:80:25:80:25:80:70":11,"s:81:6:85:Infinity":46,"s:82:8:82:Infinity":47,"s:84:8:84:Infinity":48,"s:90:20:102:Infinity":49,"f:90:20:90:21":12,"b:91:4:93:Infinity:undefined:undefined:undefined:undefined":12,"s:91:4:93:Infinity":50,"s:92:6:92:Infinity":51,"s:94:4:94:Infinity":52,"s:97:4:101:Infinity":53,"f:97:11:97:17":13,"b:98:6:100:Infinity:undefined:undefined:undefined:undefined":13,"s:98:6:100:Infinity":54,"s:99:8:99:Infinity":55,"s:104:16:108:Infinity":56,"s:110:2:113:Infinity":57}}}
,"C:\\Users\\ivvko\\Documents\\Projects\\sea_patrol\\sea_patrol_frontend\\src\\hooks\\useModelPreload.js": {"path":"C:\\Users\\ivvko\\Documents\\Projects\\sea_patrol\\sea_patrol_frontend\\src\\hooks\\useModelPreload.js","statementMap":{"0":{"start":{"line":5,"column":1},"end":{"line":9,"column":null}},"1":{"start":{"line":6,"column":3},"end":{"line":8,"column":null}},"2":{"start":{"line":7,"column":6},"end":{"line":7,"column":null}}},"fnMap":{"0":{"name":"useModelPreload","decl":{"start":{"line":4,"column":16},"end":{"line":4,"column":31}},"loc":{"start":{"line":4,"column":34},"end":{"line":10,"column":null}},"line":4},"1":{"name":"(anonymous_1)","decl":{"start":{"line":5,"column":12},"end":{"line":5,"column":13}},"loc":{"start":{"line":5,"column":18},"end":{"line":9,"column":3}},"line":5},"2":{"name":"(anonymous_2)","decl":{"start":{"line":6,"column":28},"end":{"line":6,"column":29}},"loc":{"start":{"line":6,"column":34},"end":{"line":8,"column":5}},"line":6}},"branchMap":{},"s":{"0":4,"1":3,"2":3},"f":{"0":4,"1":3,"2":3},"b":{},"meta":{"lastBranch":0,"lastFunction":3,"lastStatement":3,"seen":{"f:4:16:4:31":0,"s:5:1:9:Infinity":0,"f:5:12:5:13":1,"s:6:3:8:Infinity":1,"f:6:28:6:29":2,"s:7:6:7:Infinity":2}}}
,"C:\\Users\\ivvko\\Documents\\Projects\\sea_patrol\\sea_patrol_frontend\\src\\hooks\\useShipInterpolation.js": {"path":"C:\\Users\\ivvko\\Documents\\Projects\\sea_patrol\\sea_patrol_frontend\\src\\hooks\\useShipInterpolation.js","statementMap":{"0":{"start":{"line":6,"column":19},"end":{"line":6,"column":34}},"1":{"start":{"line":7,"column":22},"end":{"line":7,"column":63}},"2":{"start":{"line":10,"column":20},"end":{"line":14,"column":4}},"3":{"start":{"line":17,"column":19},"end":{"line":22,"column":4}},"4":{"start":{"line":25,"column":19},"end":{"line":28,"column":4}},"5":{"start":{"line":31,"column":1},"end":{"line":51,"column":null}},"6":{"start":{"line":32,"column":4},"end":{"line":50,"column":null}},"7":{"start":{"line":33,"column":6},"end":{"line":37,"column":null}},"8":{"start":{"line":39,"column":6},"end":{"line":44,"column":null}},"9":{"start":{"line":46,"column":6},"end":{"line":49,"column":null}},"10":{"start":{"line":53,"column":1},"end":{"line":85,"column":null}},"11":{"start":{"line":54,"column":4},"end":{"line":54,"column":null}},"12":{"start":{"line":54,"column":22},"end":{"line":54,"column":null}},"13":{"start":{"line":57,"column":4},"end":{"line":62,"column":null}},"14":{"start":{"line":65,"column":25},"end":{"line":65,"column":26}},"15":{"start":{"line":66,"column":24},"end":{"line":66,"column":47}},"16":{"start":{"line":68,"column":17},"end":{"line":68,"column":107}},"17":{"start":{"line":69,"column":17},"end":{"line":69,"column":107}},"18":{"start":{"line":71,"column":4},"end":{"line":71,"column":null}},"19":{"start":{"line":72,"column":4},"end":{"line":72,"column":null}},"20":{"start":{"line":75,"column":22},"end":{"line":75,"column":72}},"21":{"start":{"line":76,"column":21},"end":{"line":76,"column":80}},"22":{"start":{"line":78,"column":4},"end":{"line":78,"column":null}},"23":{"start":{"line":81,"column":4},"end":{"line":84,"column":null}},"24":{"start":{"line":87,"column":2},"end":{"line":87,"column":null}}},"fnMap":{"0":{"name":"useShipInterpolation","decl":{"start":{"line":5,"column":16},"end":{"line":5,"column":36}},"loc":{"start":{"line":5,"column":47},"end":{"line":88,"column":null}},"line":5},"1":{"name":"(anonymous_1)","decl":{"start":{"line":31,"column":12},"end":{"line":31,"column":13}},"loc":{"start":{"line":31,"column":18},"end":{"line":51,"column":3}},"line":31},"2":{"name":"(anonymous_2)","decl":{"start":{"line":53,"column":11},"end":{"line":53,"column":12}},"loc":{"start":{"line":53,"column":29},"end":{"line":85,"column":3}},"line":53}},"branchMap":{"0":{"loc":{"start":{"line":32,"column":4},"end":{"line":50,"column":null}},"type":"if","locations":[{"start":{"line":32,"column":4},"end":{"line":50,"column":null}},{"start":{},"end":{}}],"line":32},"1":{"loc":{"start":{"line":43,"column":15},"end":{"line":43,"column":39}},"type":"binary-expr","locations":[{"start":{"line":43,"column":15},"end":{"line":43,"column":32}},{"start":{"line":43,"column":36},"end":{"line":43,"column":39}}],"line":43},"2":{"loc":{"start":{"line":54,"column":4},"end":{"line":54,"column":null}},"type":"if","locations":[{"start":{"line":54,"column":4},"end":{"line":54,"column":null}},{"start":{},"end":{}}],"line":54},"3":{"loc":{"start":{"line":61,"column":13},"end":{"line":61,"column":37}},"type":"binary-expr","locations":[{"start":{"line":61,"column":13},"end":{"line":61,"column":30}},{"start":{"line":61,"column":34},"end":{"line":61,"column":37}}],"line":61}},"s":{"0":2,"1":2,"2":2,"3":2,"4":2,"5":2,"6":2,"7":0,"8":0,"9":0,"10":2,"11":0,"12":0,"13":0,"14":0,"15":0,"16":0,"17":0,"18":0,"19":0,"20":0,"21":0,"22":0,"23":0,"24":2},"f":{"0":2,"1":2,"2":0},"b":{"0":[0,2],"1":[0,0],"2":[0,0],"3":[0,0]},"meta":{"lastBranch":4,"lastFunction":3,"lastStatement":25,"seen":{"f:5:16:5:36":0,"s:6:19:6:34":0,"s:7:22:7:63":1,"s:10:20:14:4":2,"s:17:19:22:4":3,"s:25:19:28:4":4,"s:31:1:51:Infinity":5,"f:31:12:31:13":1,"b:32:4:50:Infinity:undefined:undefined:undefined:undefined":0,"s:32:4:50:Infinity":6,"s:33:6:37:Infinity":7,"s:39:6:44:Infinity":8,"b:43:15:43:32:43:36:43:39":1,"s:46:6:49:Infinity":9,"s:53:1:85:Infinity":10,"f:53:11:53:12":2,"b:54:4:54:Infinity:undefined:undefined:undefined:undefined":2,"s:54:4:54:Infinity":11,"s:54:22:54:Infinity":12,"s:57:4:62:Infinity":13,"b:61:13:61:30:61:34:61:37":3,"s:65:25:65:26":14,"s:66:24:66:47":15,"s:68:17:68:107":16,"s:69:17:69:107":17,"s:71:4:71:Infinity":18,"s:72:4:72:Infinity":19,"s:75:22:75:72":20,"s:76:21:76:80":21,"s:78:4:78:Infinity":22,"s:81:4:84:Infinity":23,"s:87:2:87:Infinity":24}}}
,"C:\\Users\\ivvko\\Documents\\Projects\\sea_patrol\\sea_patrol_frontend\\src\\mocks\\data.js": {"path":"C:\\Users\\ivvko\\Documents\\Projects\\sea_patrol\\sea_patrol_frontend\\src\\mocks\\data.js","statementMap":{"0":{"start":{"line":3,"column":25},"end":{"line":16,"column":1}},"1":{"start":{"line":18,"column":26},"end":{"line":21,"column":1}},"2":{"start":{"line":23,"column":33},"end":{"line":38,"column":1}},"3":{"start":{"line":40,"column":30},"end":{"line":56,"column":1}},"4":{"start":{"line":58,"column":37},"end":{"line":71,"column":1}}},"fnMap":{},"branchMap":{},"s":{"0":8,"1":8,"2":8,"3":8,"4":8},"f":{},"b":{},"meta":{"lastBranch":0,"lastFunction":0,"lastStatement":5,"seen":{"s:3:25:16:1":0,"s:18:26:21:1":1,"s:23:33:38:1":2,"s:40:30:56:1":3,"s:58:37:71:1":4}}}
,"C:\\Users\\ivvko\\Documents\\Projects\\sea_patrol\\sea_patrol_frontend\\src\\mocks\\handlers.js": {"path":"C:\\Users\\ivvko\\Documents\\Projects\\sea_patrol\\sea_patrol_frontend\\src\\mocks\\handlers.js","statementMap":{"0":{"start":{"line":4,"column":21},"end":{"line":4,"column":56}},"1":{"start":{"line":6,"column":24},"end":{"line":61,"column":1}},"2":{"start":{"line":9,"column":35},"end":{"line":9,"column":55}},"3":{"start":{"line":12,"column":4},"end":{"line":14,"column":5}},"4":{"start":{"line":13,"column":6},"end":{"line":13,"column":64}},"5":{"start":{"line":17,"column":4},"end":{"line":22,"column":5}},"6":{"start":{"line":18,"column":6},"end":{"line":21,"column":8}},"7":{"start":{"line":25,"column":4},"end":{"line":28,"column":6}},"8":{"start":{"line":33,"column":42},"end":{"line":33,"column":62}},"9":{"start":{"line":36,"column":4},"end":{"line":41,"column":5}},"10":{"start":{"line":37,"column":6},"end":{"line":40,"column":8}},"11":{"start":{"line":44,"column":4},"end":{"line":49,"column":5}},"12":{"start":{"line":45,"column":6},"end":{"line":48,"column":8}},"13":{"start":{"line":51,"column":4},"end":{"line":56,"column":5}},"14":{"start":{"line":52,"column":6},"end":{"line":55,"column":8}},"15":{"start":{"line":59,"column":4},"end":{"line":59,"column":80}}},"fnMap":{"0":{"name":"(anonymous_0)","decl":{"start":{"line":8,"column":37},"end":{"line":8,"column":42}},"loc":{"start":{"line":8,"column":60},"end":{"line":29,"column":3}},"line":8},"1":{"name":"(anonymous_1)","decl":{"start":{"line":32,"column":38},"end":{"line":32,"column":43}},"loc":{"start":{"line":32,"column":61},"end":{"line":60,"column":3}},"line":32}},"branchMap":{"0":{"loc":{"start":{"line":12,"column":4},"end":{"line":14,"column":5}},"type":"if","locations":[{"start":{"line":12,"column":4},"end":{"line":14,"column":5}},{"start":{},"end":{}}],"line":12},"1":{"loc":{"start":{"line":12,"column":8},"end":{"line":12,"column":94}},"type":"binary-expr","locations":[{"start":{"line":12,"column":8},"end":{"line":12,"column":49}},{"start":{"line":12,"column":53},"end":{"line":12,"column":94}}],"line":12},"2":{"loc":{"start":{"line":17,"column":4},"end":{"line":22,"column":5}},"type":"if","locations":[{"start":{"line":17,"column":4},"end":{"line":22,"column":5}},{"start":{},"end":{}}],"line":17},"3":{"loc":{"start":{"line":17,"column":8},"end":{"line":17,"column":28}},"type":"binary-expr","locations":[{"start":{"line":17,"column":8},"end":{"line":17,"column":16}},{"start":{"line":17,"column":20},"end":{"line":17,"column":28}}],"line":17},"4":{"loc":{"start":{"line":36,"column":4},"end":{"line":41,"column":5}},"type":"if","locations":[{"start":{"line":36,"column":4},"end":{"line":41,"column":5}},{"start":{},"end":{}}],"line":36},"5":{"loc":{"start":{"line":44,"column":4},"end":{"line":49,"column":5}},"type":"if","locations":[{"start":{"line":44,"column":4},"end":{"line":49,"column":5}},{"start":{},"end":{}}],"line":44},"6":{"loc":{"start":{"line":44,"column":8},"end":{"line":44,"column":40}},"type":"binary-expr","locations":[{"start":{"line":44,"column":8},"end":{"line":44,"column":17}},{"start":{"line":44,"column":21},"end":{"line":44,"column":30}},{"start":{"line":44,"column":34},"end":{"line":44,"column":40}}],"line":44},"7":{"loc":{"start":{"line":51,"column":4},"end":{"line":56,"column":5}},"type":"if","locations":[{"start":{"line":51,"column":4},"end":{"line":56,"column":5}},{"start":{},"end":{}}],"line":51}},"s":{"0":8,"1":8,"2":12,"3":12,"4":8,"5":4,"6":4,"7":0,"8":7,"9":7,"10":2,"11":5,"12":0,"13":5,"14":0,"15":5},"f":{"0":12,"1":7},"b":{"0":[8,4],"1":[12,12],"2":[4,0],"3":[4,4],"4":[2,5],"5":[0,5],"6":[5,5,5],"7":[0,5]},"meta":{"lastBranch":8,"lastFunction":2,"lastStatement":16,"seen":{"s:4:21:4:56":0,"s:6:24:61:1":1,"f:8:37:8:42":0,"s:9:35:9:55":2,"b:12:4:14:5:undefined:undefined:undefined:undefined":0,"s:12:4:14:5":3,"b:12:8:12:49:12:53:12:94":1,"s:13:6:13:64":4,"b:17:4:22:5:undefined:undefined:undefined:undefined":2,"s:17:4:22:5":5,"b:17:8:17:16:17:20:17:28":3,"s:18:6:21:8":6,"s:25:4:28:6":7,"f:32:38:32:43":1,"s:33:42:33:62":8,"b:36:4:41:5:undefined:undefined:undefined:undefined":4,"s:36:4:41:5":9,"s:37:6:40:8":10,"b:44:4:49:5:undefined:undefined:undefined:undefined":5,"s:44:4:49:5":11,"b:44:8:44:17:44:21:44:30:44:34:44:40":6,"s:45:6:48:8":12,"b:51:4:56:5:undefined:undefined:undefined:undefined":7,"s:51:4:56:5":13,"s:52:6:55:8":14,"s:59:4:59:80":15}}}
,"C:\\Users\\ivvko\\Documents\\Projects\\sea_patrol\\sea_patrol_frontend\\src\\styles\\Auth.css": {"path":"C:\\Users\\ivvko\\Documents\\Projects\\sea_patrol\\sea_patrol_frontend\\src\\styles\\Auth.css","statementMap":{},"fnMap":{},"branchMap":{},"s":{},"f":{},"b":{},"meta":{"lastBranch":0,"lastFunction":0,"lastStatement":0,"seen":{}}}
,"C:\\Users\\ivvko\\Documents\\Projects\\sea_patrol\\sea_patrol_frontend\\src\\utils\\models.js": {"path":"C:\\Users\\ivvko\\Documents\\Projects\\sea_patrol\\sea_patrol_frontend\\src\\utils\\models.js","statementMap":{"0":{"start":{"line":5,"column":25},"end":{"line":7,"column":1}},"1":{"start":{"line":11,"column":2},"end":{"line":13,"column":5}}},"fnMap":{"0":{"name":"preloadAllModels","decl":{"start":{"line":10,"column":16},"end":{"line":10,"column":32}},"loc":{"start":{"line":10,"column":35},"end":{"line":14,"column":null}},"line":10}},"branchMap":{},"s":{"0":2,"1":3},"f":{"0":3},"b":{},"meta":{"lastBranch":0,"lastFunction":1,"lastStatement":2,"seen":{"s:5:25:7:1":0,"f:10:16:10:32":0,"s:11:2:13:5":1}}}
}
